2024-10-01 10:27:52,179 - INFO - Settings loaded: <scrapy.settings.Settings object at 0x7c7c65f41af0>
2024-10-01 10:27:52,185 - INFO - Scrapy 2.11.2 started (bot: Datascraper)
2024-10-01 10:27:52,193 - INFO - Versions: lxml 5.2.2.0, libxml2 2.12.6, cssselect 1.2.0, parsel 1.9.1, w3lib 2.2.1, Twisted 24.3.0, Python 3.12.3 (main, Sep 11 2024, 14:17:37) [GCC 13.2.0], pyOpenSSL 24.1.0 (OpenSSL 3.2.2 4 Jun 2024), cryptography 42.0.8, Platform Linux-6.8.0-45-generic-x86_64-with-glibc2.39
2024-10-01 10:27:52,193 - INFO - Crawler process created
2024-10-01 10:27:52,197 - INFO - Enabled addons:
[]
2024-10-01 10:27:52,198 - DEBUG - Using selector: EpollSelector
2024-10-01 10:27:52,199 - DEBUG - Using reactor: twisted.internet.asyncioreactor.AsyncioSelectorReactor
2024-10-01 10:27:52,199 - DEBUG - Using asyncio event loop: asyncio.unix_events._UnixSelectorEventLoop
2024-10-01 10:27:52,264 - INFO - Telnet Password: 6efeef9f16b7b172
2024-10-01 10:27:52,398 - INFO - Enabled extensions:
['scrapy.extensions.corestats.CoreStats',
 'scrapy.extensions.telnet.TelnetConsole',
 'scrapy.extensions.memusage.MemoryUsage',
 'scrapy.extensions.logstats.LogStats']
2024-10-01 10:27:52,399 - INFO - Overridden settings:
{'BOT_NAME': 'Datascraper',
 'DOWNLOAD_DELAY': 5,
 'FEED_EXPORT_ENCODING': 'utf-8',
 'LOG_FILE': 'scrapy_log.txt',
 'LOG_LEVEL': 'INFO',
 'NEWSPIDER_MODULE': 'Datascraper.spiders',
 'REQUEST_FINGERPRINTER_IMPLEMENTATION': '2.7',
 'SPIDER_MODULES': ['Datascraper.spiders'],
 'TWISTED_REACTOR': 'twisted.internet.asyncioreactor.AsyncioSelectorReactor',
 'USER_AGENT': 'Mozilla/5.0 (Windows NT 10.0; Win64; x64) AppleWebKit/537.36 '
               '(KHTML, like Gecko) Chrome/58.0.3029.110 Safari/537.3'}
2024-10-01 10:27:52,622 - INFO - Enabled downloader middlewares:
['scrapy.downloadermiddlewares.offsite.OffsiteMiddleware',
 'scrapy.downloadermiddlewares.httpauth.HttpAuthMiddleware',
 'scrapy.downloadermiddlewares.downloadtimeout.DownloadTimeoutMiddleware',
 'scrapy.downloadermiddlewares.defaultheaders.DefaultHeadersMiddleware',
 'scrapy.downloadermiddlewares.useragent.UserAgentMiddleware',
 'scrapy.downloadermiddlewares.retry.RetryMiddleware',
 'scrapy.downloadermiddlewares.redirect.MetaRefreshMiddleware',
 'scrapy.downloadermiddlewares.httpcompression.HttpCompressionMiddleware',
 'scrapy.downloadermiddlewares.redirect.RedirectMiddleware',
 'scrapy.downloadermiddlewares.cookies.CookiesMiddleware',
 'scrapy.downloadermiddlewares.httpproxy.HttpProxyMiddleware',
 'scrapy.downloadermiddlewares.stats.DownloaderStats']
2024-10-01 10:27:52,628 - INFO - Enabled spider middlewares:
['scrapy.spidermiddlewares.httperror.HttpErrorMiddleware',
 'scrapy.spidermiddlewares.referer.RefererMiddleware',
 'scrapy.spidermiddlewares.urllength.UrlLengthMiddleware',
 'scrapy.spidermiddlewares.depth.DepthMiddleware']
2024-10-01 10:27:52,629 - INFO - Enabled item pipelines:
[]
2024-10-01 10:27:52,629 - INFO - Spider opened
2024-10-01 10:27:52,649 - INFO - Crawled 0 pages (at 0 pages/min), scraped 0 items (at 0 items/min)
2024-10-01 10:27:52,651 - INFO - Telnet console listening on 127.0.0.1:6023
2024-10-01 10:27:52,651 - INFO - Crawl started
2024-10-01 10:27:52,808 - DEBUG - Crawled (200) <GET https://collegedunia.com/college/56224-dr-b-r-ambedkar-institute-of-technology-port-blair> (referer: None)
2024-10-01 10:27:52,965 - WARNING - /opt/WORK/final_scraper-main/Datascraper/spiders/final_scraper.py:147: FutureWarning: Passing literal html to 'read_html' is deprecated and will be removed in a future version. To read from a literal string, wrap it in a 'StringIO' object.
  df = pd.read_html(str(section))[0]

2024-10-01 10:27:52,993 - WARNING - /opt/WORK/final_scraper-main/Datascraper/spiders/final_scraper.py:471: FutureWarning: DataFrame.applymap has been deprecated. Use DataFrame.map instead.
  df = df.applymap(lambda x: x.strip() if isinstance(x, str) else x)

2024-10-01 10:27:52,994 - WARNING - /opt/WORK/final_scraper-main/Datascraper/spiders/final_scraper.py:147: FutureWarning: Passing literal html to 'read_html' is deprecated and will be removed in a future version. To read from a literal string, wrap it in a 'StringIO' object.
  df = pd.read_html(str(section))[0]

2024-10-01 10:27:53,000 - WARNING - /opt/WORK/final_scraper-main/Datascraper/spiders/final_scraper.py:471: FutureWarning: DataFrame.applymap has been deprecated. Use DataFrame.map instead.
  df = df.applymap(lambda x: x.strip() if isinstance(x, str) else x)

2024-10-01 10:27:53,001 - WARNING - /opt/WORK/final_scraper-main/Datascraper/spiders/final_scraper.py:147: FutureWarning: Passing literal html to 'read_html' is deprecated and will be removed in a future version. To read from a literal string, wrap it in a 'StringIO' object.
  df = pd.read_html(str(section))[0]

2024-10-01 10:27:53,006 - WARNING - /opt/WORK/final_scraper-main/Datascraper/spiders/final_scraper.py:471: FutureWarning: DataFrame.applymap has been deprecated. Use DataFrame.map instead.
  df = df.applymap(lambda x: x.strip() if isinstance(x, str) else x)

2024-10-01 10:27:53,007 - WARNING - /opt/WORK/final_scraper-main/Datascraper/spiders/final_scraper.py:147: FutureWarning: Passing literal html to 'read_html' is deprecated and will be removed in a future version. To read from a literal string, wrap it in a 'StringIO' object.
  df = pd.read_html(str(section))[0]

2024-10-01 10:27:53,010 - WARNING - /opt/WORK/final_scraper-main/Datascraper/spiders/final_scraper.py:471: FutureWarning: DataFrame.applymap has been deprecated. Use DataFrame.map instead.
  df = df.applymap(lambda x: x.strip() if isinstance(x, str) else x)

2024-10-01 10:27:56,639 - DEBUG - Crawled (404) <GET https://collegedunia.com/college/56224-dr-b-r-ambedkar-institute-of-technology-port-blair/admission> (referer: None)
2024-10-01 10:27:56,742 - INFO - Ignoring response <404 https://collegedunia.com/college/56224-dr-b-r-ambedkar-institute-of-technology-port-blair/admission>: HTTP status code is not handled or not allowed
2024-10-01 10:28:00,573 - DEBUG - Crawled (200) <GET https://collegedunia.com/college/56224-dr-b-r-ambedkar-institute-of-technology-port-blair/placement> (referer: None)
2024-10-01 10:28:00,687 - ERROR - Spider error processing <GET https://collegedunia.com/college/56224-dr-b-r-ambedkar-institute-of-technology-port-blair/placement> (referer: None)
Traceback (most recent call last):
  File "/opt/WORK/final_scraper-main/myenv/lib/python3.12/site-packages/twisted/internet/defer.py", line 1078, in _runCallbacks
    current.result = callback(  # type: ignore[misc]
                     ^^^^^^^^^^^^^^^^^^^^^^^^^^^^^^^
  File "/opt/WORK/final_scraper-main/Datascraper/spiders/final_scraper.py", line 99, in parse
    self.all_data[college_name]['Placement'] = self.parse_placement(response, college_name)
                                               ^^^^^^^^^^^^^^^^^^^^^^^^^^^^^^^^^^^^^^^^^^^^
  File "/opt/WORK/final_scraper-main/Datascraper/spiders/final_scraper.py", line 180, in parse_placement
    soup = BeautifulSoup(content_html, 'html.parser')
           ^^^^^^^^^^^^^^^^^^^^^^^^^^^^^^^^^^^^^^^^^^
  File "/opt/WORK/final_scraper-main/myenv/lib/python3.12/site-packages/bs4/__init__.py", line 315, in __init__
    elif len(markup) <= 256 and (
         ^^^^^^^^^^^
TypeError: object of type 'NoneType' has no len()
2024-10-01 10:28:06,105 - DEBUG - Crawled (200) <GET https://collegedunia.com/college/56224-dr-b-r-ambedkar-institute-of-technology-port-blair/scholarship> (referer: None)
2024-10-01 10:28:10,959 - DEBUG - Crawled (200) <GET https://collegedunia.com/college/56224-dr-b-r-ambedkar-institute-of-technology-port-blair/faculty> (referer: None)
2024-10-01 10:28:17,053 - DEBUG - Crawled (200) <GET https://collegedunia.com/college/56224-dr-b-r-ambedkar-institute-of-technology-port-blair/hostel> (referer: None)
2024-10-01 10:28:23,813 - DEBUG - Crawled (200) <GET https://collegedunia.com/college/56224-dr-b-r-ambedkar-institute-of-technology-port-blair/ranking> (referer: None)
2024-10-01 10:28:23,929 - ERROR - Spider error processing <GET https://collegedunia.com/college/56224-dr-b-r-ambedkar-institute-of-technology-port-blair/ranking> (referer: None)
Traceback (most recent call last):
  File "/opt/WORK/final_scraper-main/myenv/lib/python3.12/site-packages/twisted/internet/defer.py", line 1078, in _runCallbacks
    current.result = callback(  # type: ignore[misc]
                     ^^^^^^^^^^^^^^^^^^^^^^^^^^^^^^^
  File "/opt/WORK/final_scraper-main/Datascraper/spiders/final_scraper.py", line 107, in parse
    self.all_data[college_name]['Ranking'] = self.parse_ranking(response, college_name)
                                             ^^^^^^^^^^^^^^^^^^^^^^^^^^^^^^^^^^^^^^^^^^
  File "/opt/WORK/final_scraper-main/Datascraper/spiders/final_scraper.py", line 293, in parse_ranking
    soup = BeautifulSoup(content_html, 'html.parser')
           ^^^^^^^^^^^^^^^^^^^^^^^^^^^^^^^^^^^^^^^^^^
  File "/opt/WORK/final_scraper-main/myenv/lib/python3.12/site-packages/bs4/__init__.py", line 315, in __init__
    elif len(markup) <= 256 and (
         ^^^^^^^^^^^
TypeError: object of type 'NoneType' has no len()
2024-10-01 10:28:30,425 - DEBUG - Crawled (404) <GET https://collegedunia.com/college/56224-dr-b-r-ambedkar-institute-of-technology-port-blair/cutoff> (referer: None)
2024-10-01 10:28:30,527 - INFO - Ignoring response <404 https://collegedunia.com/college/56224-dr-b-r-ambedkar-institute-of-technology-port-blair/cutoff>: HTTP status code is not handled or not allowed
2024-10-01 10:28:34,610 - DEBUG - Crawled (200) <GET https://collegedunia.com/college/2155-jawaharlal-nehru-rajkeeya-mahavidyalaya-jnrm-port-blair> (referer: None)
2024-10-01 10:28:34,766 - WARNING - /opt/WORK/final_scraper-main/Datascraper/spiders/final_scraper.py:147: FutureWarning: Passing literal html to 'read_html' is deprecated and will be removed in a future version. To read from a literal string, wrap it in a 'StringIO' object.
  df = pd.read_html(str(section))[0]

2024-10-01 10:28:34,772 - WARNING - /opt/WORK/final_scraper-main/Datascraper/spiders/final_scraper.py:471: FutureWarning: DataFrame.applymap has been deprecated. Use DataFrame.map instead.
  df = df.applymap(lambda x: x.strip() if isinstance(x, str) else x)

2024-10-01 10:28:38,540 - DEBUG - Crawled (404) <GET https://collegedunia.com/college/2155-jawaharlal-nehru-rajkeeya-mahavidyalaya-jnrm-port-blair/admission> (referer: None)
2024-10-01 10:28:38,642 - INFO - Ignoring response <404 https://collegedunia.com/college/2155-jawaharlal-nehru-rajkeeya-mahavidyalaya-jnrm-port-blair/admission>: HTTP status code is not handled or not allowed
2024-10-01 10:28:45,429 - DEBUG - Crawled (200) <GET https://collegedunia.com/college/2155-jawaharlal-nehru-rajkeeya-mahavidyalaya-jnrm-port-blair/placement> (referer: None)
2024-10-01 10:28:45,548 - ERROR - Spider error processing <GET https://collegedunia.com/college/2155-jawaharlal-nehru-rajkeeya-mahavidyalaya-jnrm-port-blair/placement> (referer: None)
Traceback (most recent call last):
  File "/opt/WORK/final_scraper-main/myenv/lib/python3.12/site-packages/twisted/internet/defer.py", line 1078, in _runCallbacks
    current.result = callback(  # type: ignore[misc]
                     ^^^^^^^^^^^^^^^^^^^^^^^^^^^^^^^
  File "/opt/WORK/final_scraper-main/Datascraper/spiders/final_scraper.py", line 99, in parse
    self.all_data[college_name]['Placement'] = self.parse_placement(response, college_name)
                                               ^^^^^^^^^^^^^^^^^^^^^^^^^^^^^^^^^^^^^^^^^^^^
  File "/opt/WORK/final_scraper-main/Datascraper/spiders/final_scraper.py", line 180, in parse_placement
    soup = BeautifulSoup(content_html, 'html.parser')
           ^^^^^^^^^^^^^^^^^^^^^^^^^^^^^^^^^^^^^^^^^^
  File "/opt/WORK/final_scraper-main/myenv/lib/python3.12/site-packages/bs4/__init__.py", line 315, in __init__
    elif len(markup) <= 256 and (
         ^^^^^^^^^^^
TypeError: object of type 'NoneType' has no len()
2024-10-01 10:28:51,553 - DEBUG - Crawled (200) <GET https://collegedunia.com/college/2155-jawaharlal-nehru-rajkeeya-mahavidyalaya-jnrm-port-blair/scholarship> (referer: None)
2024-10-01 10:28:52,650 - INFO - Crawled 12 pages (at 12 pages/min), scraped 0 items (at 0 items/min)
2024-10-01 10:28:58,424 - DEBUG - Crawled (200) <GET https://collegedunia.com/college/2155-jawaharlal-nehru-rajkeeya-mahavidyalaya-jnrm-port-blair/faculty> (referer: None)
2024-10-01 10:29:04,485 - DEBUG - Crawled (200) <GET https://collegedunia.com/college/2155-jawaharlal-nehru-rajkeeya-mahavidyalaya-jnrm-port-blair/hostel> (referer: None)
2024-10-01 10:29:04,603 - ERROR - Spider error processing <GET https://collegedunia.com/college/2155-jawaharlal-nehru-rajkeeya-mahavidyalaya-jnrm-port-blair/hostel> (referer: None)
Traceback (most recent call last):
  File "/opt/WORK/final_scraper-main/myenv/lib/python3.12/site-packages/twisted/internet/defer.py", line 1078, in _runCallbacks
    current.result = callback(  # type: ignore[misc]
                     ^^^^^^^^^^^^^^^^^^^^^^^^^^^^^^^
  File "/opt/WORK/final_scraper-main/Datascraper/spiders/final_scraper.py", line 105, in parse
    self.all_data[college_name]['Hostel'] = self.parse_hostel(response, college_name)
                                            ^^^^^^^^^^^^^^^^^^^^^^^^^^^^^^^^^^^^^^^^^
  File "/opt/WORK/final_scraper-main/Datascraper/spiders/final_scraper.py", line 270, in parse_hostel
    soup = BeautifulSoup(content_html, 'html.parser')
           ^^^^^^^^^^^^^^^^^^^^^^^^^^^^^^^^^^^^^^^^^^
  File "/opt/WORK/final_scraper-main/myenv/lib/python3.12/site-packages/bs4/__init__.py", line 315, in __init__
    elif len(markup) <= 256 and (
         ^^^^^^^^^^^
TypeError: object of type 'NoneType' has no len()
2024-10-01 10:29:11,603 - DEBUG - Crawled (404) <GET https://collegedunia.com/college/2155-jawaharlal-nehru-rajkeeya-mahavidyalaya-jnrm-port-blair/ranking> (referer: None)
2024-10-01 10:29:11,705 - INFO - Ignoring response <404 https://collegedunia.com/college/2155-jawaharlal-nehru-rajkeeya-mahavidyalaya-jnrm-port-blair/ranking>: HTTP status code is not handled or not allowed
2024-10-01 10:29:15,731 - DEBUG - Crawled (404) <GET https://collegedunia.com/college/2155-jawaharlal-nehru-rajkeeya-mahavidyalaya-jnrm-port-blair/cutoff> (referer: None)
2024-10-01 10:29:15,832 - INFO - Ignoring response <404 https://collegedunia.com/college/2155-jawaharlal-nehru-rajkeeya-mahavidyalaya-jnrm-port-blair/cutoff>: HTTP status code is not handled or not allowed
2024-10-01 10:29:21,742 - DEBUG - Crawled (200) <GET https://collegedunia.com/college/2804-mahatma-gandhi-government-college-mayabander> (referer: None)
2024-10-01 10:29:21,870 - ERROR - Spider error processing <GET https://collegedunia.com/college/2804-mahatma-gandhi-government-college-mayabander> (referer: None)
Traceback (most recent call last):
  File "/opt/WORK/final_scraper-main/myenv/lib/python3.12/site-packages/twisted/internet/defer.py", line 1078, in _runCallbacks
    current.result = callback(  # type: ignore[misc]
                     ^^^^^^^^^^^^^^^^^^^^^^^^^^^^^^^
  File "/opt/WORK/final_scraper-main/Datascraper/spiders/final_scraper.py", line 127, in parse
    self.all_data[college_name]['General_Info'] = self.parse_general_info(response, college_name)
                                                  ^^^^^^^^^^^^^^^^^^^^^^^^^^^^^^^^^^^^^^^^^^^^^^^
  File "/opt/WORK/final_scraper-main/Datascraper/spiders/final_scraper.py", line 134, in parse_general_info
    soup = BeautifulSoup(content_html, 'html.parser')
           ^^^^^^^^^^^^^^^^^^^^^^^^^^^^^^^^^^^^^^^^^^
  File "/opt/WORK/final_scraper-main/myenv/lib/python3.12/site-packages/bs4/__init__.py", line 315, in __init__
    elif len(markup) <= 256 and (
         ^^^^^^^^^^^
TypeError: object of type 'NoneType' has no len()
2024-10-01 10:29:26,676 - DEBUG - Crawled (404) <GET https://collegedunia.com/college/2804-mahatma-gandhi-government-college-mayabander/admission> (referer: None)
2024-10-01 10:29:26,778 - INFO - Ignoring response <404 https://collegedunia.com/college/2804-mahatma-gandhi-government-college-mayabander/admission>: HTTP status code is not handled or not allowed
2024-10-01 10:29:31,042 - DEBUG - Crawled (404) <GET https://collegedunia.com/college/2804-mahatma-gandhi-government-college-mayabander/placement> (referer: None)
2024-10-01 10:29:31,144 - INFO - Ignoring response <404 https://collegedunia.com/college/2804-mahatma-gandhi-government-college-mayabander/placement>: HTTP status code is not handled or not allowed
2024-10-01 10:29:37,049 - DEBUG - Crawled (200) <GET https://collegedunia.com/college/2804-mahatma-gandhi-government-college-mayabander/scholarship> (referer: None)
2024-10-01 10:29:42,873 - DEBUG - Crawled (200) <GET https://collegedunia.com/college/2804-mahatma-gandhi-government-college-mayabander/faculty> (referer: None)
2024-10-01 10:29:50,262 - DEBUG - Crawled (404) <GET https://collegedunia.com/college/2804-mahatma-gandhi-government-college-mayabander/hostel> (referer: None)
2024-10-01 10:29:50,364 - INFO - Ignoring response <404 https://collegedunia.com/college/2804-mahatma-gandhi-government-college-mayabander/hostel>: HTTP status code is not handled or not allowed
2024-10-01 10:29:52,650 - INFO - Crawled 22 pages (at 10 pages/min), scraped 0 items (at 0 items/min)
2024-10-01 10:29:56,417 - DEBUG - Crawled (404) <GET https://collegedunia.com/college/2804-mahatma-gandhi-government-college-mayabander/ranking> (referer: None)
2024-10-01 10:29:56,518 - INFO - Ignoring response <404 https://collegedunia.com/college/2804-mahatma-gandhi-government-college-mayabander/ranking>: HTTP status code is not handled or not allowed
2024-10-01 10:30:02,434 - DEBUG - Crawled (404) <GET https://collegedunia.com/college/2804-mahatma-gandhi-government-college-mayabander/cutoff> (referer: None)
2024-10-01 10:30:02,535 - INFO - Ignoring response <404 https://collegedunia.com/college/2804-mahatma-gandhi-government-college-mayabander/cutoff>: HTTP status code is not handled or not allowed
2024-10-01 10:30:09,008 - DEBUG - Crawled (200) <GET https://collegedunia.com/college/23362-tagore-government-college-of-education-port-blair> (referer: None)
2024-10-01 10:30:09,146 - WARNING - /opt/WORK/final_scraper-main/Datascraper/spiders/final_scraper.py:147: FutureWarning: Passing literal html to 'read_html' is deprecated and will be removed in a future version. To read from a literal string, wrap it in a 'StringIO' object.
  df = pd.read_html(str(section))[0]

2024-10-01 10:30:09,154 - WARNING - /opt/WORK/final_scraper-main/Datascraper/spiders/final_scraper.py:471: FutureWarning: DataFrame.applymap has been deprecated. Use DataFrame.map instead.
  df = df.applymap(lambda x: x.strip() if isinstance(x, str) else x)

2024-10-01 10:30:16,732 - DEBUG - Crawled (404) <GET https://collegedunia.com/college/23362-tagore-government-college-of-education-port-blair/admission> (referer: None)
2024-10-01 10:30:16,833 - INFO - Ignoring response <404 https://collegedunia.com/college/23362-tagore-government-college-of-education-port-blair/admission>: HTTP status code is not handled or not allowed
2024-10-01 10:30:22,076 - DEBUG - Crawled (200) <GET https://collegedunia.com/college/23362-tagore-government-college-of-education-port-blair/placement> (referer: None)
2024-10-01 10:30:22,195 - ERROR - Spider error processing <GET https://collegedunia.com/college/23362-tagore-government-college-of-education-port-blair/placement> (referer: None)
Traceback (most recent call last):
  File "/opt/WORK/final_scraper-main/myenv/lib/python3.12/site-packages/twisted/internet/defer.py", line 1078, in _runCallbacks
    current.result = callback(  # type: ignore[misc]
                     ^^^^^^^^^^^^^^^^^^^^^^^^^^^^^^^
  File "/opt/WORK/final_scraper-main/Datascraper/spiders/final_scraper.py", line 99, in parse
    self.all_data[college_name]['Placement'] = self.parse_placement(response, college_name)
                                               ^^^^^^^^^^^^^^^^^^^^^^^^^^^^^^^^^^^^^^^^^^^^
  File "/opt/WORK/final_scraper-main/Datascraper/spiders/final_scraper.py", line 180, in parse_placement
    soup = BeautifulSoup(content_html, 'html.parser')
           ^^^^^^^^^^^^^^^^^^^^^^^^^^^^^^^^^^^^^^^^^^
  File "/opt/WORK/final_scraper-main/myenv/lib/python3.12/site-packages/bs4/__init__.py", line 315, in __init__
    elif len(markup) <= 256 and (
         ^^^^^^^^^^^
TypeError: object of type 'NoneType' has no len()
2024-10-01 10:30:27,352 - DEBUG - Crawled (200) <GET https://collegedunia.com/college/23362-tagore-government-college-of-education-port-blair/scholarship> (referer: None)
2024-10-01 10:30:33,873 - DEBUG - Crawled (200) <GET https://collegedunia.com/college/23362-tagore-government-college-of-education-port-blair/faculty> (referer: None)
2024-10-01 10:30:39,813 - DEBUG - Crawled (404) <GET https://collegedunia.com/college/23362-tagore-government-college-of-education-port-blair/hostel> (referer: None)
2024-10-01 10:30:39,914 - INFO - Ignoring response <404 https://collegedunia.com/college/23362-tagore-government-college-of-education-port-blair/hostel>: HTTP status code is not handled or not allowed
2024-10-01 10:30:43,914 - DEBUG - Crawled (404) <GET https://collegedunia.com/college/23362-tagore-government-college-of-education-port-blair/ranking> (referer: None)
2024-10-01 10:30:44,015 - INFO - Ignoring response <404 https://collegedunia.com/college/23362-tagore-government-college-of-education-port-blair/ranking>: HTTP status code is not handled or not allowed
2024-10-01 10:30:49,929 - DEBUG - Crawled (404) <GET https://collegedunia.com/college/23362-tagore-government-college-of-education-port-blair/cutoff> (referer: None)
2024-10-01 10:30:50,030 - INFO - Ignoring response <404 https://collegedunia.com/college/23362-tagore-government-college-of-education-port-blair/cutoff>: HTTP status code is not handled or not allowed
2024-10-01 10:30:52,651 - INFO - Crawled 32 pages (at 10 pages/min), scraped 0 items (at 0 items/min)
2024-10-01 10:30:56,359 - DEBUG - Crawled (200) <GET https://collegedunia.com/college/59214-andaman-and-nicobar-islands-institute-of-medical-sciences-aniims-port-blair> (referer: None)
2024-10-01 10:30:56,505 - WARNING - /opt/WORK/final_scraper-main/Datascraper/spiders/final_scraper.py:147: FutureWarning: Passing literal html to 'read_html' is deprecated and will be removed in a future version. To read from a literal string, wrap it in a 'StringIO' object.
  df = pd.read_html(str(section))[0]

2024-10-01 10:30:56,511 - WARNING - /opt/WORK/final_scraper-main/Datascraper/spiders/final_scraper.py:471: FutureWarning: DataFrame.applymap has been deprecated. Use DataFrame.map instead.
  df = df.applymap(lambda x: x.strip() if isinstance(x, str) else x)

2024-10-01 10:30:56,512 - WARNING - /opt/WORK/final_scraper-main/Datascraper/spiders/final_scraper.py:147: FutureWarning: Passing literal html to 'read_html' is deprecated and will be removed in a future version. To read from a literal string, wrap it in a 'StringIO' object.
  df = pd.read_html(str(section))[0]

2024-10-01 10:30:56,516 - WARNING - /opt/WORK/final_scraper-main/Datascraper/spiders/final_scraper.py:471: FutureWarning: DataFrame.applymap has been deprecated. Use DataFrame.map instead.
  df = df.applymap(lambda x: x.strip() if isinstance(x, str) else x)

2024-10-01 10:30:56,517 - WARNING - /opt/WORK/final_scraper-main/Datascraper/spiders/final_scraper.py:147: FutureWarning: Passing literal html to 'read_html' is deprecated and will be removed in a future version. To read from a literal string, wrap it in a 'StringIO' object.
  df = pd.read_html(str(section))[0]

2024-10-01 10:30:56,528 - WARNING - /opt/WORK/final_scraper-main/Datascraper/spiders/final_scraper.py:471: FutureWarning: DataFrame.applymap has been deprecated. Use DataFrame.map instead.
  df = df.applymap(lambda x: x.strip() if isinstance(x, str) else x)

2024-10-01 10:30:59,955 - DEBUG - Crawled (200) <GET https://collegedunia.com/college/59214-andaman-and-nicobar-islands-institute-of-medical-sciences-aniims-port-blair/admission> (referer: None)
2024-10-01 10:31:06,999 - DEBUG - Crawled (200) <GET https://collegedunia.com/college/59214-andaman-and-nicobar-islands-institute-of-medical-sciences-aniims-port-blair/placement> (referer: None)
2024-10-01 10:31:07,115 - ERROR - Spider error processing <GET https://collegedunia.com/college/59214-andaman-and-nicobar-islands-institute-of-medical-sciences-aniims-port-blair/placement> (referer: None)
Traceback (most recent call last):
  File "/opt/WORK/final_scraper-main/myenv/lib/python3.12/site-packages/twisted/internet/defer.py", line 1078, in _runCallbacks
    current.result = callback(  # type: ignore[misc]
                     ^^^^^^^^^^^^^^^^^^^^^^^^^^^^^^^
  File "/opt/WORK/final_scraper-main/Datascraper/spiders/final_scraper.py", line 99, in parse
    self.all_data[college_name]['Placement'] = self.parse_placement(response, college_name)
                                               ^^^^^^^^^^^^^^^^^^^^^^^^^^^^^^^^^^^^^^^^^^^^
  File "/opt/WORK/final_scraper-main/Datascraper/spiders/final_scraper.py", line 180, in parse_placement
    soup = BeautifulSoup(content_html, 'html.parser')
           ^^^^^^^^^^^^^^^^^^^^^^^^^^^^^^^^^^^^^^^^^^
  File "/opt/WORK/final_scraper-main/myenv/lib/python3.12/site-packages/bs4/__init__.py", line 315, in __init__
    elif len(markup) <= 256 and (
         ^^^^^^^^^^^
TypeError: object of type 'NoneType' has no len()
2024-10-01 10:31:09,866 - DEBUG - Crawled (200) <GET https://collegedunia.com/college/59214-andaman-and-nicobar-islands-institute-of-medical-sciences-aniims-port-blair/scholarship> (referer: None)
2024-10-01 10:31:14,903 - DEBUG - Crawled (200) <GET https://collegedunia.com/college/59214-andaman-and-nicobar-islands-institute-of-medical-sciences-aniims-port-blair/faculty> (referer: None)
2024-10-01 10:31:22,038 - DEBUG - Crawled (200) <GET https://collegedunia.com/college/59214-andaman-and-nicobar-islands-institute-of-medical-sciences-aniims-port-blair/hostel> (referer: None)
2024-10-01 10:31:22,156 - WARNING - /opt/WORK/final_scraper-main/Datascraper/spiders/final_scraper.py:283: FutureWarning: Passing literal html to 'read_html' is deprecated and will be removed in a future version. To read from a literal string, wrap it in a 'StringIO' object.
  df = pd.read_html(str(section))[0]

2024-10-01 10:31:22,162 - WARNING - /opt/WORK/final_scraper-main/Datascraper/spiders/final_scraper.py:471: FutureWarning: DataFrame.applymap has been deprecated. Use DataFrame.map instead.
  df = df.applymap(lambda x: x.strip() if isinstance(x, str) else x)

2024-10-01 10:31:28,233 - DEBUG - Crawled (404) <GET https://collegedunia.com/college/59214-andaman-and-nicobar-islands-institute-of-medical-sciences-aniims-port-blair/ranking> (referer: None)
2024-10-01 10:31:28,335 - INFO - Ignoring response <404 https://collegedunia.com/college/59214-andaman-and-nicobar-islands-institute-of-medical-sciences-aniims-port-blair/ranking>: HTTP status code is not handled or not allowed
2024-10-01 10:31:35,281 - DEBUG - Crawled (200) <GET https://collegedunia.com/college/59214-andaman-and-nicobar-islands-institute-of-medical-sciences-aniims-port-blair/cutoff> (referer: None)
2024-10-01 10:31:35,401 - WARNING - /opt/WORK/final_scraper-main/Datascraper/spiders/final_scraper.py:216: FutureWarning: Passing literal html to 'read_html' is deprecated and will be removed in a future version. To read from a literal string, wrap it in a 'StringIO' object.
  df = pd.read_html(str(section))[0]

2024-10-01 10:31:35,405 - WARNING - /opt/WORK/final_scraper-main/Datascraper/spiders/final_scraper.py:471: FutureWarning: DataFrame.applymap has been deprecated. Use DataFrame.map instead.
  df = df.applymap(lambda x: x.strip() if isinstance(x, str) else x)

2024-10-01 10:31:35,409 - INFO - Closing spider (finished)
2024-10-01 10:31:35,421 - INFO - Dumping Scrapy stats:
{'downloader/request_bytes': 14878,
 'downloader/request_count': 40,
 'downloader/request_method_count/GET': 40,
 'downloader/response_bytes': 3465408,
 'downloader/response_count': 40,
 'downloader/response_status_count/200': 25,
 'downloader/response_status_count/404': 15,
 'elapsed_time_seconds': 222.768641,
 'finish_reason': 'finished',
 'finish_time': datetime.datetime(2024, 10, 1, 5, 1, 35, 418431, tzinfo=datetime.timezone.utc),
 'httpcompression/response_bytes': 18077092,
 'httpcompression/response_count': 40,
 'httperror/response_ignored_count': 15,
 'httperror/response_ignored_status_count/404': 15,
 'log_count/ERROR': 7,
 'log_count/INFO': 29,
 'log_count/WARNING': 22,
 'memusage/max': 132661248,
 'memusage/startup': 102305792,
 'response_received_count': 40,
 'scheduler/dequeued': 40,
 'scheduler/dequeued/memory': 40,
 'scheduler/enqueued': 40,
 'scheduler/enqueued/memory': 40,
 'spider_exceptions/TypeError': 7,
 'start_time': datetime.datetime(2024, 10, 1, 4, 57, 52, 649790, tzinfo=datetime.timezone.utc)}
2024-10-01 10:31:35,422 - INFO - Spider closed (finished)
2024-10-01 10:31:35,439 - INFO - Process finished
